<?xml version="1.0" encoding="UTF-8"?>
<!-- Generated by org.testng.reporters.JUnitReportReporter -->
<testsuite hostname="BaTon-PC" name="TestCases.BannerClients.TC_JOOMLA_BANNERS_CLIENTS_001" tests="1" failures="0" timestamp="28 Jun 2015 17:11:02 GMT" time="9.992" errors="0">
  <testcase name="verify_create_new_client" time="9.992" classname="TestCases.BannerClients.TC_JOOMLA_BANNERS_CLIENTS_001"/>
</testsuite> <!-- TestCases.BannerClients.TC_JOOMLA_BANNERS_CLIENTS_001 -->
