<?xml version="1.0" encoding="UTF-8"?>
<!-- Generated by org.testng.reporters.JUnitReportReporter -->
<testsuite hostname="LGDN12974-w764" name="TestCases.Common.LoginTest" tests="1" failures="0" timestamp="26 Jun 2015 11:29:29 GMT" time="15.102" errors="0">
  <testcase name="VerifyLogin" time="15.102" classname="TestCases.Common.LoginTest"/>
</testsuite> <!-- TestCases.Common.LoginTest -->
