<?xml version="1.0" encoding="UTF-8"?>
<!-- Generated by org.testng.reporters.JUnitReportReporter -->
<testsuite hostname="BaTon-PC" name="TestCases.BannerClients.TC_JOOMLA_BANNERS_CLIENTS_002" tests="1" failures="0" timestamp="28 Jun 2015 17:13:55 GMT" time="12.804" errors="0">
  <testcase name="verify_create_client" time="12.804" classname="TestCases.BannerClients.TC_JOOMLA_BANNERS_CLIENTS_002"/>
</testsuite> <!-- TestCases.BannerClients.TC_JOOMLA_BANNERS_CLIENTS_002 -->
