<?xml version="1.0" encoding="UTF-8"?>
<!-- Generated by org.testng.reporters.JUnitReportReporter -->
<testsuite hostname="LGDN12974-w764" name="TestCases.Article.TC_JOOMLA_ARTICLE_001" tests="1" failures="0" timestamp="24 Jun 2015 11:19:14 GMT" time="8.189" errors="0">
  <testcase name="test1211" time="8.189" classname="TestCases.Article.TC_JOOMLA_ARTICLE_001"/>
</testsuite> <!-- TestCases.Article.TC_JOOMLA_ARTICLE_001 -->
