<?xml version="1.0" encoding="UTF-8"?>
<!-- Generated by org.testng.reporters.JUnitReportReporter -->
<testsuite hostname="PC-PC" name="TestCases.Article.TC_JOOMLA_ARTICLE_001" tests="1" failures="0" timestamp="28 Jun 2015 15:56:40 GMT" time="41.811" errors="0">
  <testcase name="Verify_create_new_article" time="41.811" classname="TestCases.Article.TC_JOOMLA_ARTICLE_001"/>
</testsuite> <!-- TestCases.Article.TC_JOOMLA_ARTICLE_001 -->
