<?xml version="1.0" encoding="UTF-8"?>
<!-- Generated by org.testng.reporters.JUnitReportReporter -->
<testsuite hostname="MOBILE-DC13F684" name="TestCases.Contacts.TC_JOOMLA_CONTACTS_001" tests="1" failures="0" timestamp="4 Jul 2015 08:42:15 GMT" time="23.609" errors="0">
  <testcase name="CreateContacts" time="23.609" classname="TestCases.Contacts.TC_JOOMLA_CONTACTS_001"/>
</testsuite> <!-- TestCases.Contacts.TC_JOOMLA_CONTACTS_001 -->
