<?xml version="1.0" encoding="UTF-8"?>
<!-- Generated by org.testng.reporters.JUnitReportReporter -->
<testsuite hostname="LGDN14093" name="TestCases.Article.TC_JOOMLA_ARTICLE_001" tests="1" failures="0" timestamp="28 Jun 2015 03:38:11 GMT" time="12.751" errors="0">
  <testcase name="CreateArticle" time="12.751" classname="TestCases.Article.TC_JOOMLA_ARTICLE_001"/>
</testsuite> <!-- TestCases.Article.TC_JOOMLA_ARTICLE_001 -->
