<?xml version="1.0" encoding="UTF-8"?>
<!-- Generated by org.testng.reporters.JUnitReportReporter -->
<testsuite hostname="PC-PC" name="TestCases.Article.TC_JOOMLA_ARTICLE_003" tests="1" failures="0" timestamp="28 Jun 2015 16:50:22 GMT" time="26.183" errors="0">
  <testcase name="Verify_publish_article" time="26.183" classname="TestCases.Article.TC_JOOMLA_ARTICLE_003"/>
</testsuite> <!-- TestCases.Article.TC_JOOMLA_ARTICLE_003 -->
