<?xml version="1.0" encoding="UTF-8"?>
<!-- Generated by org.testng.reporters.JUnitReportReporter -->
<testsuite hostname="LGDN12988" name="TestCases.Contacts.TC_JOOMLA_CONTACTS_001" tests="1" failures="0" timestamp="27 Jun 2015 10:27:41 GMT" time="17.790" errors="0">
  <testcase name="CreateContacts" time="17.790" classname="TestCases.Contacts.TC_JOOMLA_CONTACTS_001"/>
</testsuite> <!-- TestCases.Contacts.TC_JOOMLA_CONTACTS_001 -->
