<?xml version="1.0" encoding="UTF-8"?>
<!-- Generated by org.testng.reporters.JUnitReportReporter -->
<testsuite hostname="LGDN12988" name="TestCases.Common.LoginTest" tests="1" failures="0" timestamp="27 Jun 2015 04:31:51 GMT" time="20.682" errors="0">
  <testcase name="VerifyLogin" time="20.682" classname="TestCases.Common.LoginTest"/>
</testsuite> <!-- TestCases.Common.LoginTest -->
