<?xml version="1.0" encoding="UTF-8"?>
<!-- Generated by org.testng.reporters.JUnitReportReporter -->
<testsuite hostname="PC-PC" name="TestCases.Article.TC_JOOMLA_ARTICLE_002" tests="1" failures="0" timestamp="28 Jun 2015 16:30:12 GMT" time="34.577" errors="0">
  <testcase name="Verify_create_new_article" time="34.577" classname="TestCases.Article.TC_JOOMLA_ARTICLE_002"/>
</testsuite> <!-- TestCases.Article.TC_JOOMLA_ARTICLE_002 -->
